=== Started 2018-09-25T06-38-18-757 ===
[INFO ][06:38:18] 33 bad words loaded
[WARN ][06:38:18] Unknown user role: JOKER
[INFO ][06:38:18] 4 user records loaded.
[INFO ][06:38:18] 0 IP ban records loaded.
[INFO ][06:38:18] [1m[32mMultiOgar-Edited 1.6.1[37m - An open source multi-protocol ogar server[0m
[INFO ][06:38:18] WebSocket: ws
[INFO ][06:38:18] Started stats server on port 1051
[INFO ][06:38:18] Listening on port 8081
[INFO ][06:38:18] Current game mode is Duels US 1
[NONE ][06:38:18]   __  __       _ _   _  ___                        _____    _ _ _           _    _   __    _ 
 |  \/  |_   _| | |_(_)/ _ \  __ _  __ _ _ __     | ____|__| (_) |_ ___  __| |  / | / /_  / |
 | |\/| | | | | | __| | | | |/ _` |/ _` | '__|____|  _| / _` | | __/ _ \/ _` |  | || '_ \ | |
 | |  | | |_| | | |_| | |_| | (_| | (_| | | |_____| |__| (_| | | ||  __/ (_| |  | || (_) || |
 |_|  |_|\__,_|_|\__|_|\___/ \__, |\__,_|_|       |_____\__,_|_|\__\___|\__,_|  |_(_)___(_)_|
                             |___/                                                           
[NONE ][06:42:14] CONNECTED 10.240.0.187:57908, origin: "http://3rbe.gq"
[NONE ][06:42:33] DISCONNECTED 10.240.0.187:57908, code: 1001, reason: "", name: "{2}222222222222222"
[DEBUG][06:42:33] process.exit(0)
=== Shutdown 2018-09-25T06-42-33-573 ===
