=== Started 2018-09-24T20-38-36-147 ===
[INFO ][20:38:36] 33 bad words loaded
[WARN ][20:38:36] Unknown user role: JOKER
[INFO ][20:38:36] 4 user records loaded.
[INFO ][20:38:36] 0 IP ban records loaded.
[INFO ][20:38:36] [1m[32mMultiOgar-Edited 1.6.1[37m - An open source multi-protocol ogar server[0m
[INFO ][20:38:36] WebSocket: ws
[INFO ][20:38:36] Started stats server on port 1051
[INFO ][20:38:36] Listening on port 8081
[INFO ][20:38:36] Current game mode is Duels US 1
[NONE ][20:38:36]   __  __       _ _   _  ___                        _____    _ _ _           _    _   __    _ 
 |  \/  |_   _| | |_(_)/ _ \  __ _  __ _ _ __     | ____|__| (_) |_ ___  __| |  / | / /_  / |
 | |\/| | | | | | __| | | | |/ _` |/ _` | '__|____|  _| / _` | | __/ _ \/ _` |  | || '_ \ | |
 | |  | | |_| | | |_| | |_| | (_| | (_| | | |_____| |__| (_| | | ||  __/ (_| |  | || (_) || |
 |_|  |_|\__,_|_|\__|_|\___/ \__, |\__,_|_|       |_____\__,_|_|\__\___|\__,_|  |_(_)___(_)_|
                             |___/                                                           
[NONE ][20:41:16] CONNECTED 10.240.0.222:43222, origin: "http://3rbe.gq"
[NONE ][20:41:41] DISCONNECTED 10.240.0.222:43222, code: 1005, reason: "", name: "{dark08}555555555555555"
[DEBUG][20:41:41] process.exit(0)
=== Shutdown 2018-09-24T20-41-41-443 ===
