=== Started 2018-09-24T20-42-33-817 ===
[INFO ][20:42:33] 33 bad words loaded
[WARN ][20:42:33] Unknown user role: JOKER
[INFO ][20:42:33] 4 user records loaded.
[INFO ][20:42:33] 0 IP ban records loaded.
[INFO ][20:42:33] [1m[32mMultiOgar-Edited 1.6.1[37m - An open source multi-protocol ogar server[0m
[INFO ][20:42:33] WebSocket: ws
[INFO ][20:42:33] Started stats server on port 1051
[INFO ][20:42:33] Listening on port 8081
[INFO ][20:42:33] Current game mode is Duels US 1
[NONE ][20:42:33]   __  __       _ _   _  ___                        _____    _ _ _           _    _   __    _ 
 |  \/  |_   _| | |_(_)/ _ \  __ _  __ _ _ __     | ____|__| (_) |_ ___  __| |  / | / /_  / |
 | |\/| | | | | | __| | | | |/ _` |/ _` | '__|____|  _| / _` | | __/ _ \/ _` |  | || '_ \ | |
 | |  | | |_| | | |_| | |_| | (_| | (_| | | |_____| |__| (_| | | ||  __/ (_| |  | || (_) || |
 |_|  |_|\__,_|_|\__|_|\___/ \__, |\__,_|_|       |_____\__,_|_|\__\___|\__,_|  |_(_)___(_)_|
                             |___/                                                           
[NONE ][20:42:46] CONNECTED 10.240.0.185:38154, origin: "http://3rbe.gq"
[NONE ][20:42:55] DISCONNECTED 10.240.0.185:38154, code: 1005, reason: "", name: "{77}سكسصص   "
[DEBUG][20:42:55] process.exit(0)
=== Shutdown 2018-09-24T20-42-55-262 ===
