=== Started 2018-09-24T14-50-57-282 ===
[INFO ][14:50:57] 33 bad words loaded
[WARN ][14:50:57] Unknown user role: JOKER
[INFO ][14:50:57] 4 user records loaded.
[INFO ][14:50:57] 0 IP ban records loaded.
[INFO ][14:50:57] [1m[32mMultiOgar-Edited 1.6.1[37m - An open source multi-protocol ogar server[0m
[INFO ][14:50:57] WebSocket: ws
[INFO ][14:50:57] Started stats server on port 1051
[INFO ][14:50:57] Listening on port 8081
[INFO ][14:50:57] Current game mode is Duels US 1
[NONE ][14:50:57]   __  __       _ _   _  ___                        _____    _ _ _           _    _   __    _ 
 |  \/  |_   _| | |_(_)/ _ \  __ _  __ _ _ __     | ____|__| (_) |_ ___  __| |  / | / /_  / |
 | |\/| | | | | | __| | | | |/ _` |/ _` | '__|____|  _| / _` | | __/ _ \/ _` |  | || '_ \ | |
 | |  | | |_| | | |_| | |_| | (_| | (_| | | |_____| |__| (_| | | ||  __/ (_| |  | || (_) || |
 |_|  |_|\__,_|_|\__|_|\___/ \__, |\__,_|_|       |_____\__,_|_|\__\___|\__,_|  |_(_)___(_)_|
                             |___/                                                           
[NONE ][14:52:06] CONNECTED 10.240.0.185:41052, origin: "http://3rbe.gq"
[NONE ][14:52:10] CONNECTED 10.240.0.222:52410, origin: "http://3rbe.gq"
[NONE ][14:52:15] DISCONNECTED 10.240.0.222:52410, code: 1005, reason: "", name: ""
[NONE ][14:52:28] DISCONNECTED 10.240.0.185:41052, code: 1005, reason: "", name: "{bob}༒𝑴𝓸𝓴𝓪m𝓮𝓭༒"
[DEBUG][14:52:28] process.exit(0)
=== Shutdown 2018-09-24T14-52-28-809 ===
