=== Started 2018-09-24T18-18-20-668 ===
[INFO ][18:18:20] 33 bad words loaded
[WARN ][18:18:20] Unknown user role: JOKER
[INFO ][18:18:20] 4 user records loaded.
[INFO ][18:18:20] 0 IP ban records loaded.
[INFO ][18:18:20] [1m[32mMultiOgar-Edited 1.6.1[37m - An open source multi-protocol ogar server[0m
[INFO ][18:18:20] WebSocket: ws
[INFO ][18:18:20] Started stats server on port 1051
[INFO ][18:18:20] Listening on port 8081
[INFO ][18:18:20] Current game mode is Duels US 1
[NONE ][18:18:20]   __  __       _ _   _  ___                        _____    _ _ _           _    _   __    _ 
 |  \/  |_   _| | |_(_)/ _ \  __ _  __ _ _ __     | ____|__| (_) |_ ___  __| |  / | / /_  / |
 | |\/| | | | | | __| | | | |/ _` |/ _` | '__|____|  _| / _` | | __/ _ \/ _` |  | || '_ \ | |
 | |  | | |_| | | |_| | |_| | (_| | (_| | | |_____| |__| (_| | | ||  __/ (_| |  | || (_) || |
 |_|  |_|\__,_|_|\__|_|\___/ \__, |\__,_|_|       |_____\__,_|_|\__\___|\__,_|  |_(_)___(_)_|
                             |___/                                                           
[NONE ][18:19:52] CONNECTED 10.240.0.187:45890, origin: "http://3rbe.gq"
[NONE ][18:20:02] DISCONNECTED 10.240.0.187:45890, code: 1005, reason: "", name: "{rico}الجوكر"
[DEBUG][18:20:02] process.exit(0)
=== Shutdown 2018-09-24T18-20-02-860 ===
