=== Started 2018-09-24T16-43-46-686 ===
[INFO ][16:43:46] 33 bad words loaded
[WARN ][16:43:46] Unknown user role: JOKER
[INFO ][16:43:46] 4 user records loaded.
[INFO ][16:43:46] 0 IP ban records loaded.
[INFO ][16:43:46] [1m[32mMultiOgar-Edited 1.6.1[37m - An open source multi-protocol ogar server[0m
[INFO ][16:43:46] WebSocket: ws
[INFO ][16:43:46] Started stats server on port 1051
[INFO ][16:43:46] Listening on port 8081
[INFO ][16:43:46] Current game mode is Duels US 1
[NONE ][16:43:46]   __  __       _ _   _  ___                        _____    _ _ _           _    _   __    _ 
 |  \/  |_   _| | |_(_)/ _ \  __ _  __ _ _ __     | ____|__| (_) |_ ___  __| |  / | / /_  / |
 | |\/| | | | | | __| | | | |/ _` |/ _` | '__|____|  _| / _` | | __/ _ \/ _` |  | || '_ \ | |
 | |  | | |_| | | |_| | |_| | (_| | (_| | | |_____| |__| (_| | | ||  __/ (_| |  | || (_) || |
 |_|  |_|\__,_|_|\__|_|\___/ \__, |\__,_|_|       |_____\__,_|_|\__\___|\__,_|  |_(_)___(_)_|
                             |___/                                                           
[NONE ][16:47:40] CONNECTED 10.240.0.227:33482, origin: "http://3rbe.gq"
[NONE ][16:47:41] DISCONNECTED 10.240.0.227:33482, code: 1005, reason: "", name: ""
[NONE ][16:47:43] CONNECTED 10.240.0.87:52196, origin: "http://3rbe.gq"
[NONE ][16:47:50] DISCONNECTED 10.240.0.87:52196, code: 1005, reason: "", name: "{0hrs2}ۛ ּا̍ڶــمۭــڄۚــڕمۭ "
[DEBUG][16:47:50] process.exit(0)
=== Shutdown 2018-09-24T16-47-50-330 ===
