=== Started 2018-09-24T19-10-17-133 ===
[INFO ][19:10:17] 33 bad words loaded
[WARN ][19:10:17] Unknown user role: JOKER
[INFO ][19:10:17] 4 user records loaded.
[INFO ][19:10:17] 0 IP ban records loaded.
[INFO ][19:10:17] [1m[32mMultiOgar-Edited 1.6.1[37m - An open source multi-protocol ogar server[0m
[INFO ][19:10:17] WebSocket: ws
[INFO ][19:10:17] Started stats server on port 1051
[INFO ][19:10:17] Listening on port 8081
[INFO ][19:10:17] Current game mode is Duels US 1
[NONE ][19:10:17]   __  __       _ _   _  ___                        _____    _ _ _           _    _   __    _ 
 |  \/  |_   _| | |_(_)/ _ \  __ _  __ _ _ __     | ____|__| (_) |_ ___  __| |  / | / /_  / |
 | |\/| | | | | | __| | | | |/ _` |/ _` | '__|____|  _| / _` | | __/ _ \/ _` |  | || '_ \ | |
 | |  | | |_| | | |_| | |_| | (_| | (_| | | |_____| |__| (_| | | ||  __/ (_| |  | || (_) || |
 |_|  |_|\__,_|_|\__|_|\___/ \__, |\__,_|_|       |_____\__,_|_|\__\___|\__,_|  |_(_)___(_)_|
                             |___/                                                           
[NONE ][19:11:35] CONNECTED 10.240.0.103:33496, origin: "http://3rbe.gq"
[NONE ][19:11:57] DISCONNECTED 10.240.0.103:33496, code: 1001, reason: "", name: ""
[NONE ][19:13:33] CONNECTED 10.240.0.88:44698, origin: "http://3rbe.gq"
[NONE ][19:13:50] DISCONNECTED 10.240.0.88:44698, code: 1005, reason: "", name: "{rico}♥£§♂§♪♣آْ☺5♥"
[DEBUG][19:13:50] process.exit(0)
=== Shutdown 2018-09-24T19-13-50-406 ===
