=== Started 2018-09-24T17-56-17-404 ===
[INFO ][17:56:17] 33 bad words loaded
[WARN ][17:56:17] Unknown user role: JOKER
[INFO ][17:56:17] 4 user records loaded.
[INFO ][17:56:17] 0 IP ban records loaded.
[INFO ][17:56:17] [1m[32mMultiOgar-Edited 1.6.1[37m - An open source multi-protocol ogar server[0m
[INFO ][17:56:17] WebSocket: ws
[INFO ][17:56:17] Started stats server on port 1051
[INFO ][17:56:17] Listening on port 8081
[INFO ][17:56:17] Current game mode is Duels US 1
[NONE ][17:56:17]   __  __       _ _   _  ___                        _____    _ _ _           _    _   __    _ 
 |  \/  |_   _| | |_(_)/ _ \  __ _  __ _ _ __     | ____|__| (_) |_ ___  __| |  / | / /_  / |
 | |\/| | | | | | __| | | | |/ _` |/ _` | '__|____|  _| / _` | | __/ _ \/ _` |  | || '_ \ | |
 | |  | | |_| | | |_| | |_| | (_| | (_| | | |_____| |__| (_| | | ||  __/ (_| |  | || (_) || |
 |_|  |_|\__,_|_|\__|_|\___/ \__, |\__,_|_|       |_____\__,_|_|\__\___|\__,_|  |_(_)___(_)_|
                             |___/                                                           
[NONE ][17:58:02] CONNECTED 10.240.0.239:57012, origin: "http://3rbe.gq"
[NONE ][17:58:09] DISCONNECTED 10.240.0.239:57012, code: 1001, reason: "", name: "An unnamed cell"
[DEBUG][17:58:09] process.exit(0)
=== Shutdown 2018-09-24T17-58-09-526 ===
