=== Started 2018-09-24T17-37-01-674 ===
[INFO ][17:37:01] 33 bad words loaded
[WARN ][17:37:01] Unknown user role: JOKER
[INFO ][17:37:01] 4 user records loaded.
[INFO ][17:37:01] 0 IP ban records loaded.
[INFO ][17:37:01] [1m[32mMultiOgar-Edited 1.6.1[37m - An open source multi-protocol ogar server[0m
[INFO ][17:37:01] WebSocket: ws
[INFO ][17:37:01] Started stats server on port 1051
[INFO ][17:37:01] Listening on port 8081
[INFO ][17:37:01] Current game mode is Duels US 1
[NONE ][17:37:01]   __  __       _ _   _  ___                        _____    _ _ _           _    _   __    _ 
 |  \/  |_   _| | |_(_)/ _ \  __ _  __ _ _ __     | ____|__| (_) |_ ___  __| |  / | / /_  / |
 | |\/| | | | | | __| | | | |/ _` |/ _` | '__|____|  _| / _` | | __/ _ \/ _` |  | || '_ \ | |
 | |  | | |_| | | |_| | |_| | (_| | (_| | | |_____| |__| (_| | | ||  __/ (_| |  | || (_) || |
 |_|  |_|\__,_|_|\__|_|\___/ \__, |\__,_|_|       |_____\__,_|_|\__\___|\__,_|  |_(_)___(_)_|
                             |___/                                                           
[NONE ][17:45:09] CONNECTED 10.240.0.222:56660, origin: "http://3rbe.gq"
[NONE ][17:45:22] DISCONNECTED 10.240.0.222:56660, code: 1005, reason: "", name: "{2}hamoooooooooooo"
[DEBUG][17:45:22] process.exit(0)
=== Shutdown 2018-09-24T17-45-22-716 ===
