=== Started 2018-09-25T10-53-38-597 ===
[INFO ][10:53:38] 33 bad words loaded
[WARN ][10:53:38] Unknown user role: JOKER
[INFO ][10:53:38] 4 user records loaded.
[INFO ][10:53:38] 0 IP ban records loaded.
[INFO ][10:53:38] [1m[32mMultiOgar-Edited 1.6.1[37m - An open source multi-protocol ogar server[0m
[INFO ][10:53:38] WebSocket: ws
[INFO ][10:53:38] Started stats server on port 1051
[INFO ][10:53:38] Listening on port 8081
[INFO ][10:53:38] Current game mode is Duels US 1
[NONE ][10:53:38]   __  __       _ _   _  ___                        _____    _ _ _           _    _   __    _ 
 |  \/  |_   _| | |_(_)/ _ \  __ _  __ _ _ __     | ____|__| (_) |_ ___  __| |  / | / /_  / |
 | |\/| | | | | | __| | | | |/ _` |/ _` | '__|____|  _| / _` | | __/ _ \/ _` |  | || '_ \ | |
 | |  | | |_| | | |_| | |_| | (_| | (_| | | |_____| |__| (_| | | ||  __/ (_| |  | || (_) || |
 |_|  |_|\__,_|_|\__|_|\___/ \__, |\__,_|_|       |_____\__,_|_|\__\___|\__,_|  |_(_)___(_)_|
                             |___/                                                           
[NONE ][10:53:45] CONNECTED 10.240.0.222:32832, origin: "http://3rbe.gq"
[NONE ][10:53:46] DISCONNECTED 10.240.0.222:32832, code: 1001, reason: "", name: ""
[NONE ][10:57:27] CONNECTED 10.240.0.239:51826, origin: "http://3rbe.gq"
[NONE ][10:57:41] DISCONNECTED 10.240.0.239:51826, code: 1005, reason: "", name: "{2}aaaaaaaaaaaaaaaaaaaaaaaaaaa"
[DEBUG][10:57:41] process.exit(0)
=== Shutdown 2018-09-25T10-57-41-853 ===
