=== Started 2018-09-24T13-31-28-837 ===
[INFO ][13:31:28] 33 bad words loaded
[WARN ][13:31:28] Unknown user role: JOKER
[INFO ][13:31:28] 4 user records loaded.
[INFO ][13:31:28] 0 IP ban records loaded.
[INFO ][13:31:28] [1m[32mMultiOgar-Edited 1.6.1[37m - An open source multi-protocol ogar server[0m
[INFO ][13:31:28] WebSocket: ws
[INFO ][13:31:28] Started stats server on port 1051
[INFO ][13:31:28] Listening on port 8081
[INFO ][13:31:28] Current game mode is Duels US 1
[NONE ][13:31:28]   __  __       _ _   _  ___                        _____    _ _ _           _    _   __    _ 
 |  \/  |_   _| | |_(_)/ _ \  __ _  __ _ _ __     | ____|__| (_) |_ ___  __| |  / | / /_  / |
 | |\/| | | | | | __| | | | |/ _` |/ _` | '__|____|  _| / _` | | __/ _ \/ _` |  | || '_ \ | |
 | |  | | |_| | | |_| | |_| | (_| | (_| | | |_____| |__| (_| | | ||  __/ (_| |  | || (_) || |
 |_|  |_|\__,_|_|\__|_|\___/ \__, |\__,_|_|       |_____\__,_|_|\__\___|\__,_|  |_(_)___(_)_|
                             |___/                                                           
[NONE ][13:32:10] CONNECTED 10.240.1.60:54502, origin: "http://3rbe.gq"
[NONE ][13:32:26] DISCONNECTED 10.240.1.60:54502, code: 1005, reason: "", name: ""
[NONE ][13:34:47] CONNECTED 10.240.1.220:55594, origin: "http://3rbe.gq"
[NONE ][13:34:56] DISCONNECTED 10.240.1.220:55594, code: 1005, reason: "", name: "مصر "
[DEBUG][13:34:56] process.exit(0)
=== Shutdown 2018-09-24T13-34-56-156 ===
