=== Started 2018-09-24T15-43-48-002 ===
[INFO ][15:43:48] 33 bad words loaded
[WARN ][15:43:48] Unknown user role: JOKER
[INFO ][15:43:48] 4 user records loaded.
[INFO ][15:43:48] 0 IP ban records loaded.
[INFO ][15:43:48] [1m[32mMultiOgar-Edited 1.6.1[37m - An open source multi-protocol ogar server[0m
[INFO ][15:43:48] WebSocket: ws
[INFO ][15:43:48] Started stats server on port 1051
[INFO ][15:43:48] Listening on port 8081
[INFO ][15:43:48] Current game mode is Duels US 1
[NONE ][15:43:48]   __  __       _ _   _  ___                        _____    _ _ _           _    _   __    _ 
 |  \/  |_   _| | |_(_)/ _ \  __ _  __ _ _ __     | ____|__| (_) |_ ___  __| |  / | / /_  / |
 | |\/| | | | | | __| | | | |/ _` |/ _` | '__|____|  _| / _` | | __/ _ \/ _` |  | || '_ \ | |
 | |  | | |_| | | |_| | |_| | (_| | (_| | | |_____| |__| (_| | | ||  __/ (_| |  | || (_) || |
 |_|  |_|\__,_|_|\__|_|\___/ \__, |\__,_|_|       |_____\__,_|_|\__\___|\__,_|  |_(_)___(_)_|
                             |___/                                                           
[NONE ][15:43:49] CONNECTED 10.240.0.187:44026, origin: "http://3rbe.gq"
[NONE ][15:43:54] DISCONNECTED 10.240.0.187:44026, code: 1005, reason: "", name: "{haan}haan"
[DEBUG][15:43:54] process.exit(0)
=== Shutdown 2018-09-24T15-43-54-383 ===
