=== Started 2018-09-25T09-49-29-000 ===
[INFO ][09:49:29] 33 bad words loaded
[WARN ][09:49:29] Unknown user role: JOKER
[INFO ][09:49:29] 4 user records loaded.
[INFO ][09:49:29] 0 IP ban records loaded.
[INFO ][09:49:29] [1m[32mMultiOgar-Edited 1.6.1[37m - An open source multi-protocol ogar server[0m
[INFO ][09:49:29] WebSocket: ws
[INFO ][09:49:29] Started stats server on port 1051
[INFO ][09:49:29] Listening on port 8081
[INFO ][09:49:29] Current game mode is Duels US 1
[NONE ][09:49:29]   __  __       _ _   _  ___                        _____    _ _ _           _    _   __    _ 
 |  \/  |_   _| | |_(_)/ _ \  __ _  __ _ _ __     | ____|__| (_) |_ ___  __| |  / | / /_  / |
 | |\/| | | | | | __| | | | |/ _` |/ _` | '__|____|  _| / _` | | __/ _ \/ _` |  | || '_ \ | |
 | |  | | |_| | | |_| | |_| | (_| | (_| | | |_____| |__| (_| | | ||  __/ (_| |  | || (_) || |
 |_|  |_|\__,_|_|\__|_|\___/ \__, |\__,_|_|       |_____\__,_|_|\__\___|\__,_|  |_(_)___(_)_|
                             |___/                                                           
[NONE ][10:13:34] CONNECTED 10.240.0.88:54180, origin: "http://3rbe.gq"
[NONE ][10:13:34] DISCONNECTED 10.240.0.88:54180, code: 1006, reason: "", name: ""
[NONE ][10:13:35] CONNECTED 10.240.0.222:43422, origin: "http://3rbe.gq"
[NONE ][10:13:54] DISCONNECTED 10.240.0.222:43422, code: 1005, reason: "", name: "{fenix}〘ԌѺ〙ᗰجِاٌلِـدّ-كُمِـᗰ〘Ԍ"
[DEBUG][10:13:54] process.exit(0)
=== Shutdown 2018-09-25T10-13-54-306 ===
