=== Started 2018-09-25T08-46-17-786 ===
[INFO ][08:46:17] 33 bad words loaded
[WARN ][08:46:17] Unknown user role: JOKER
[INFO ][08:46:17] 4 user records loaded.
[INFO ][08:46:17] 0 IP ban records loaded.
[INFO ][08:46:17] [1m[32mMultiOgar-Edited 1.6.1[37m - An open source multi-protocol ogar server[0m
[INFO ][08:46:17] WebSocket: ws
[INFO ][08:46:17] Started stats server on port 1051
[INFO ][08:46:17] Listening on port 8081
[INFO ][08:46:17] Current game mode is Duels US 1
[NONE ][08:46:17]   __  __       _ _   _  ___                        _____    _ _ _           _    _   __    _ 
 |  \/  |_   _| | |_(_)/ _ \  __ _  __ _ _ __     | ____|__| (_) |_ ___  __| |  / | / /_  / |
 | |\/| | | | | | __| | | | |/ _` |/ _` | '__|____|  _| / _` | | __/ _ \/ _` |  | || '_ \ | |
 | |  | | |_| | | |_| | |_| | (_| | (_| | | |_____| |__| (_| | | ||  __/ (_| |  | || (_) || |
 |_|  |_|\__,_|_|\__|_|\___/ \__, |\__,_|_|       |_____\__,_|_|\__\___|\__,_|  |_(_)___(_)_|
                             |___/                                                           
[NONE ][08:49:04] CONNECTED 10.240.0.87:45320, origin: "http://3rbe.gq"
[NONE ][08:49:04] DISCONNECTED 10.240.0.87:45320, code: 1005, reason: "", name: ""
[NONE ][08:49:04] CONNECTED 10.240.0.87:45324, origin: "http://3rbe.gq"
[NONE ][08:49:09] DISCONNECTED 10.240.0.87:45324, code: 1005, reason: "", name: "{Clan_x}hhhhhhhhhhhhhhh"
[DEBUG][08:49:09] process.exit(0)
=== Shutdown 2018-09-25T08-49-09-692 ===
