=== Started 2018-09-24T21-32-09-190 ===
[INFO ][21:32:09] 33 bad words loaded
[WARN ][21:32:09] Unknown user role: JOKER
[INFO ][21:32:09] 4 user records loaded.
[INFO ][21:32:09] 0 IP ban records loaded.
[INFO ][21:32:09] [1m[32mMultiOgar-Edited 1.6.1[37m - An open source multi-protocol ogar server[0m
[INFO ][21:32:09] WebSocket: ws
[INFO ][21:32:09] Started stats server on port 1051
[INFO ][21:32:09] Listening on port 8081
[INFO ][21:32:09] Current game mode is Duels US 1
[NONE ][21:32:09]   __  __       _ _   _  ___                        _____    _ _ _           _    _   __    _ 
 |  \/  |_   _| | |_(_)/ _ \  __ _  __ _ _ __     | ____|__| (_) |_ ___  __| |  / | / /_  / |
 | |\/| | | | | | __| | | | |/ _` |/ _` | '__|____|  _| / _` | | __/ _ \/ _` |  | || '_ \ | |
 | |  | | |_| | | |_| | |_| | (_| | (_| | | |_____| |__| (_| | | ||  __/ (_| |  | || (_) || |
 |_|  |_|\__,_|_|\__|_|\___/ \__, |\__,_|_|       |_____\__,_|_|\__\___|\__,_|  |_(_)___(_)_|
                             |___/                                                           
[NONE ][21:32:41] CONNECTED 10.240.0.222:34884, origin: "http://3rbe.gq"
[NONE ][21:32:41] DISCONNECTED 10.240.0.222:34884, code: 1006, reason: "", name: ""
[NONE ][21:32:42] CONNECTED 10.240.0.90:51588, origin: "http://3rbe.gq"
[NONE ][21:33:12] DISCONNECTED 10.240.0.90:51588, code: 1001, reason: "", name: "{zxccvvbb123}aaaaa"
[DEBUG][21:33:12] process.exit(0)
=== Shutdown 2018-09-24T21-33-12-826 ===
