=== Started 2018-09-24T14-52-28-948 ===
[INFO ][14:52:28] 33 bad words loaded
[WARN ][14:52:28] Unknown user role: JOKER
[INFO ][14:52:28] 4 user records loaded.
[INFO ][14:52:28] 0 IP ban records loaded.
[INFO ][14:52:28] [1m[32mMultiOgar-Edited 1.6.1[37m - An open source multi-protocol ogar server[0m
[INFO ][14:52:28] WebSocket: ws
[INFO ][14:52:29] Started stats server on port 1051
[INFO ][14:52:29] Listening on port 8081
[INFO ][14:52:29] Current game mode is Duels US 1
[NONE ][14:52:29]   __  __       _ _   _  ___                        _____    _ _ _           _    _   __    _ 
 |  \/  |_   _| | |_(_)/ _ \  __ _  __ _ _ __     | ____|__| (_) |_ ___  __| |  / | / /_  / |
 | |\/| | | | | | __| | | | |/ _` |/ _` | '__|____|  _| / _` | | __/ _ \/ _` |  | || '_ \ | |
 | |  | | |_| | | |_| | |_| | (_| | (_| | | |_____| |__| (_| | | ||  __/ (_| |  | || (_) || |
 |_|  |_|\__,_|_|\__|_|\___/ \__, |\__,_|_|       |_____\__,_|_|\__\___|\__,_|  |_(_)___(_)_|
                             |___/                                                           
[NONE ][14:55:04] CONNECTED 10.240.0.87:48210, origin: "http://3rbe.gq"
[NONE ][14:55:15] CONNECTED 10.240.0.103:55022, origin: "http://3rbe.gq"
[NONE ][14:55:16] DISCONNECTED 10.240.0.103:55022, code: 1005, reason: "", name: ""
[NONE ][14:55:16] DISCONNECTED 10.240.0.87:48210, code: 1005, reason: "", name: "{vpc}عاشق الدبل"
[DEBUG][14:55:16] process.exit(0)
=== Shutdown 2018-09-24T14-55-16-829 ===
