=== Started 2018-09-24T14-31-49-980 ===
[INFO ][14:31:49] 33 bad words loaded
[WARN ][14:31:49] Unknown user role: JOKER
[INFO ][14:31:49] 4 user records loaded.
[INFO ][14:31:49] 0 IP ban records loaded.
[INFO ][14:31:49] [1m[32mMultiOgar-Edited 1.6.1[37m - An open source multi-protocol ogar server[0m
[INFO ][14:31:50] WebSocket: ws
[INFO ][14:31:50] Started stats server on port 1051
[INFO ][14:31:50] Listening on port 8081
[INFO ][14:31:50] Current game mode is Duels US 1
[NONE ][14:31:50]   __  __       _ _   _  ___                        _____    _ _ _           _    _   __    _ 
 |  \/  |_   _| | |_(_)/ _ \  __ _  __ _ _ __     | ____|__| (_) |_ ___  __| |  / | / /_  / |
 | |\/| | | | | | __| | | | |/ _` |/ _` | '__|____|  _| / _` | | __/ _ \/ _` |  | || '_ \ | |
 | |  | | |_| | | |_| | |_| | (_| | (_| | | |_____| |__| (_| | | ||  __/ (_| |  | || (_) || |
 |_|  |_|\__,_|_|\__|_|\___/ \__, |\__,_|_|       |_____\__,_|_|\__\___|\__,_|  |_(_)___(_)_|
                             |___/                                                           
[NONE ][14:44:20] CONNECTED 10.240.0.185:60554, origin: "http://3rbe.gq"
[NONE ][14:44:20] DISCONNECTED 10.240.0.185:60554, code: 1006, reason: "", name: ""
[NONE ][14:44:21] CONNECTED 10.240.0.187:39162, origin: "http://3rbe.gq"
[NONE ][14:44:37] DISCONNECTED 10.240.0.187:39162, code: 1005, reason: "", name: "{194311}๛☘₰꧂"
[DEBUG][14:44:37] process.exit(0)
=== Shutdown 2018-09-24T14-44-37-492 ===
