=== Started 2018-09-25T06-50-23-123 ===
[INFO ][06:50:23] 33 bad words loaded
[WARN ][06:50:23] Unknown user role: JOKER
[INFO ][06:50:23] 4 user records loaded.
[INFO ][06:50:23] 0 IP ban records loaded.
[INFO ][06:50:23] [1m[32mMultiOgar-Edited 1.6.1[37m - An open source multi-protocol ogar server[0m
[INFO ][06:50:23] WebSocket: ws
[INFO ][06:50:23] Started stats server on port 1051
[INFO ][06:50:23] Listening on port 8081
[INFO ][06:50:23] Current game mode is Duels US 1
[NONE ][06:50:23]   __  __       _ _   _  ___                        _____    _ _ _           _    _   __    _ 
 |  \/  |_   _| | |_(_)/ _ \  __ _  __ _ _ __     | ____|__| (_) |_ ___  __| |  / | / /_  / |
 | |\/| | | | | | __| | | | |/ _` |/ _` | '__|____|  _| / _` | | __/ _ \/ _` |  | || '_ \ | |
 | |  | | |_| | | |_| | |_| | (_| | (_| | | |_____| |__| (_| | | ||  __/ (_| |  | || (_) || |
 |_|  |_|\__,_|_|\__|_|\___/ \__, |\__,_|_|       |_____\__,_|_|\__\___|\__,_|  |_(_)___(_)_|
                             |___/                                                           
[NONE ][06:50:43] CONNECTED 10.240.0.227:39360, origin: "http://3rbe.gq"
[NONE ][06:50:43] DISCONNECTED 10.240.0.227:39360, code: 1006, reason: "", name: ""
[NONE ][06:50:44] CONNECTED 10.240.0.227:39404, origin: "http://3rbe.gq"
[NONE ][06:50:49] DISCONNECTED 10.240.0.227:39404, code: 1005, reason: "", name: "{faw7l87}hhhhhhhhhhhhhhh"
[DEBUG][06:50:49] process.exit(0)
=== Shutdown 2018-09-25T06-50-49-165 ===
