=== Started 2018-09-24T15-26-08-872 ===
[INFO ][15:26:08] 33 bad words loaded
[WARN ][15:26:08] Unknown user role: JOKER
[INFO ][15:26:08] 4 user records loaded.
[INFO ][15:26:08] 0 IP ban records loaded.
[INFO ][15:26:08] [1m[32mMultiOgar-Edited 1.6.1[37m - An open source multi-protocol ogar server[0m
[INFO ][15:26:08] WebSocket: ws
[INFO ][15:26:08] Started stats server on port 1051
[INFO ][15:26:08] Listening on port 8081
[INFO ][15:26:08] Current game mode is Duels US 1
[NONE ][15:26:08]   __  __       _ _   _  ___                        _____    _ _ _           _    _   __    _ 
 |  \/  |_   _| | |_(_)/ _ \  __ _  __ _ _ __     | ____|__| (_) |_ ___  __| |  / | / /_  / |
 | |\/| | | | | | __| | | | |/ _` |/ _` | '__|____|  _| / _` | | __/ _ \/ _` |  | || '_ \ | |
 | |  | | |_| | | |_| | |_| | (_| | (_| | | |_____| |__| (_| | | ||  __/ (_| |  | || (_) || |
 |_|  |_|\__,_|_|\__|_|\___/ \__, |\__,_|_|       |_____\__,_|_|\__\___|\__,_|  |_(_)___(_)_|
                             |___/                                                           
[NONE ][15:32:07] CONNECTED 10.240.0.222:36460, origin: "http://3rbe.gq"
[NONE ][15:32:13] DISCONNECTED 10.240.0.222:36460, code: 1005, reason: "", name: "✈️☹✋ تريكس"
[DEBUG][15:32:13] process.exit(0)
=== Shutdown 2018-09-24T15-32-13-598 ===
