=== Started 2018-09-24T19-59-38-664 ===
[INFO ][19:59:38] 33 bad words loaded
[WARN ][19:59:38] Unknown user role: JOKER
[INFO ][19:59:38] 4 user records loaded.
[INFO ][19:59:38] 0 IP ban records loaded.
[INFO ][19:59:38] [1m[32mMultiOgar-Edited 1.6.1[37m - An open source multi-protocol ogar server[0m
[INFO ][19:59:38] WebSocket: ws
[INFO ][19:59:38] Started stats server on port 1051
[INFO ][19:59:38] Listening on port 8081
[INFO ][19:59:38] Current game mode is Duels US 1
[NONE ][19:59:38]   __  __       _ _   _  ___                        _____    _ _ _           _    _   __    _ 
 |  \/  |_   _| | |_(_)/ _ \  __ _  __ _ _ __     | ____|__| (_) |_ ___  __| |  / | / /_  / |
 | |\/| | | | | | __| | | | |/ _` |/ _` | '__|____|  _| / _` | | __/ _ \/ _` |  | || '_ \ | |
 | |  | | |_| | | |_| | |_| | (_| | (_| | | |_____| |__| (_| | | ||  __/ (_| |  | || (_) || |
 |_|  |_|\__,_|_|\__|_|\___/ \__, |\__,_|_|       |_____\__,_|_|\__\___|\__,_|  |_(_)___(_)_|
                             |___/                                                           
[NONE ][19:59:58] CONNECTED 10.240.0.103:39792, origin: "http://3rbe.gq"
[NONE ][20:00:39] DISCONNECTED 10.240.0.103:39792, code: 1001, reason: "", name: ""
[NONE ][20:14:05] CONNECTED 10.240.1.220:55656, origin: "http://3rbe.gq"
[NONE ][20:14:18] DISCONNECTED 10.240.1.220:55656, code: 1005, reason: "", name: "Profile #3"
[DEBUG][20:14:18] process.exit(0)
=== Shutdown 2018-09-24T20-14-18-633 ===
