=== Started 2018-09-24T17-45-22-857 ===
[INFO ][17:45:22] 33 bad words loaded
[WARN ][17:45:22] Unknown user role: JOKER
[INFO ][17:45:22] 4 user records loaded.
[INFO ][17:45:22] 0 IP ban records loaded.
[INFO ][17:45:22] [1m[32mMultiOgar-Edited 1.6.1[37m - An open source multi-protocol ogar server[0m
[INFO ][17:45:22] WebSocket: ws
[INFO ][17:45:22] Started stats server on port 1051
[INFO ][17:45:22] Listening on port 8081
[INFO ][17:45:22] Current game mode is Duels US 1
[NONE ][17:45:22]   __  __       _ _   _  ___                        _____    _ _ _           _    _   __    _ 
 |  \/  |_   _| | |_(_)/ _ \  __ _  __ _ _ __     | ____|__| (_) |_ ___  __| |  / | / /_  / |
 | |\/| | | | | | __| | | | |/ _` |/ _` | '__|____|  _| / _` | | __/ _ \/ _` |  | || '_ \ | |
 | |  | | |_| | | |_| | |_| | (_| | (_| | | |_____| |__| (_| | | ||  __/ (_| |  | || (_) || |
 |_|  |_|\__,_|_|\__|_|\___/ \__, |\__,_|_|       |_____\__,_|_|\__\___|\__,_|  |_(_)___(_)_|
                             |___/                                                           
[NONE ][17:56:03] CONNECTED 10.240.0.239:55494, origin: "http://3rbe.gq"
[NONE ][17:56:03] DISCONNECTED 10.240.0.239:55494, code: 1006, reason: "", name: ""
[NONE ][17:56:05] CONNECTED 10.240.0.239:55504, origin: "http://3rbe.gq"
[NONE ][17:56:17] DISCONNECTED 10.240.0.239:55504, code: 1005, reason: "", name: "{n1}fawd"
[DEBUG][17:56:17] process.exit(0)
=== Shutdown 2018-09-24T17-56-17-270 ===
