=== Started 2018-09-24T16-47-50-468 ===
[INFO ][16:47:50] 33 bad words loaded
[WARN ][16:47:50] Unknown user role: JOKER
[INFO ][16:47:50] 4 user records loaded.
[INFO ][16:47:50] 0 IP ban records loaded.
[INFO ][16:47:50] [1m[32mMultiOgar-Edited 1.6.1[37m - An open source multi-protocol ogar server[0m
[INFO ][16:47:50] WebSocket: ws
[INFO ][16:47:50] Started stats server on port 1051
[INFO ][16:47:50] Listening on port 8081
[INFO ][16:47:50] Current game mode is Duels US 1
[NONE ][16:47:50]   __  __       _ _   _  ___                        _____    _ _ _           _    _   __    _ 
 |  \/  |_   _| | |_(_)/ _ \  __ _  __ _ _ __     | ____|__| (_) |_ ___  __| |  / | / /_  / |
 | |\/| | | | | | __| | | | |/ _` |/ _` | '__|____|  _| / _` | | __/ _ \/ _` |  | || '_ \ | |
 | |  | | |_| | | |_| | |_| | (_| | (_| | | |_____| |__| (_| | | ||  __/ (_| |  | || (_) || |
 |_|  |_|\__,_|_|\__|_|\___/ \__, |\__,_|_|       |_____\__,_|_|\__\___|\__,_|  |_(_)___(_)_|
                             |___/                                                           
[NONE ][16:51:28] CONNECTED 10.240.0.87:55620, origin: "http://3rbe.gq"
[NONE ][16:52:14] DISCONNECTED 10.240.0.87:55620, code: 1005, reason: "", name: ""
[NONE ][16:53:27] CONNECTED 10.240.0.87:56928, origin: "http://3rbe.gq"
[NONE ][16:53:51] DISCONNECTED 10.240.0.87:56928, code: 1005, reason: "", name: "An unnamed cell"
[DEBUG][16:53:51] process.exit(0)
=== Shutdown 2018-09-24T16-53-51-343 ===
