=== Started 2018-09-24T21-18-42-587 ===
[INFO ][21:18:42] 33 bad words loaded
[WARN ][21:18:42] Unknown user role: JOKER
[INFO ][21:18:42] 4 user records loaded.
[INFO ][21:18:42] 0 IP ban records loaded.
[INFO ][21:18:42] [1m[32mMultiOgar-Edited 1.6.1[37m - An open source multi-protocol ogar server[0m
[INFO ][21:18:42] WebSocket: ws
[INFO ][21:18:42] Started stats server on port 1051
[INFO ][21:18:42] Listening on port 8081
[INFO ][21:18:42] Current game mode is Duels US 1
[NONE ][21:18:42]   __  __       _ _   _  ___                        _____    _ _ _           _    _   __    _ 
 |  \/  |_   _| | |_(_)/ _ \  __ _  __ _ _ __     | ____|__| (_) |_ ___  __| |  / | / /_  / |
 | |\/| | | | | | __| | | | |/ _` |/ _` | '__|____|  _| / _` | | __/ _ \/ _` |  | || '_ \ | |
 | |  | | |_| | | |_| | |_| | (_| | (_| | | |_____| |__| (_| | | ||  __/ (_| |  | || (_) || |
 |_|  |_|\__,_|_|\__|_|\___/ \__, |\__,_|_|       |_____\__,_|_|\__\___|\__,_|  |_(_)___(_)_|
                             |___/                                                           
[NONE ][21:29:13] CONNECTED 10.240.0.90:46376, origin: "http://3rbe.gq"
[NONE ][21:29:13] DISCONNECTED 10.240.0.90:46376, code: 1006, reason: "", name: ""
[NONE ][21:29:15] CONNECTED 10.240.0.90:46424, origin: "http://3rbe.gq"
[NONE ][21:29:22] DISCONNECTED 10.240.0.90:46424, code: 1005, reason: "", name: "{rico}الجوكر"
[DEBUG][21:29:22] process.exit(0)
=== Shutdown 2018-09-24T21-29-22-185 ===
