=== Started 2018-09-24T15-35-02-188 ===
[INFO ][15:35:02] 33 bad words loaded
[WARN ][15:35:02] Unknown user role: JOKER
[INFO ][15:35:02] 4 user records loaded.
[INFO ][15:35:02] 0 IP ban records loaded.
[INFO ][15:35:02] [1m[32mMultiOgar-Edited 1.6.1[37m - An open source multi-protocol ogar server[0m
[INFO ][15:35:02] WebSocket: ws
[INFO ][15:35:02] Started stats server on port 1051
[INFO ][15:35:02] Listening on port 8081
[INFO ][15:35:02] Current game mode is Duels US 1
[NONE ][15:35:02]   __  __       _ _   _  ___                        _____    _ _ _           _    _   __    _ 
 |  \/  |_   _| | |_(_)/ _ \  __ _  __ _ _ __     | ____|__| (_) |_ ___  __| |  / | / /_  / |
 | |\/| | | | | | __| | | | |/ _` |/ _` | '__|____|  _| / _` | | __/ _ \/ _` |  | || '_ \ | |
 | |  | | |_| | | |_| | |_| | (_| | (_| | | |_____| |__| (_| | | ||  __/ (_| |  | || (_) || |
 |_|  |_|\__,_|_|\__|_|\___/ \__, |\__,_|_|       |_____\__,_|_|\__\___|\__,_|  |_(_)___(_)_|
                             |___/                                                           
[NONE ][15:43:46] CONNECTED 10.240.0.88:36894, origin: "http://3rbe.gq"
[NONE ][15:43:47] DISCONNECTED 10.240.0.88:36894, code: 1005, reason: "", name: "{haan}haan"
[DEBUG][15:43:47] process.exit(0)
=== Shutdown 2018-09-24T15-43-47-867 ===
