=== Started 2018-09-24T15-21-04-654 ===
[INFO ][15:21:04] 33 bad words loaded
[WARN ][15:21:04] Unknown user role: JOKER
[INFO ][15:21:04] 4 user records loaded.
[INFO ][15:21:04] 0 IP ban records loaded.
[INFO ][15:21:04] [1m[32mMultiOgar-Edited 1.6.1[37m - An open source multi-protocol ogar server[0m
[INFO ][15:21:04] WebSocket: ws
[INFO ][15:21:04] Started stats server on port 1051
[INFO ][15:21:04] Listening on port 8081
[INFO ][15:21:04] Current game mode is Duels US 1
[NONE ][15:21:04]   __  __       _ _   _  ___                        _____    _ _ _           _    _   __    _ 
 |  \/  |_   _| | |_(_)/ _ \  __ _  __ _ _ __     | ____|__| (_) |_ ___  __| |  / | / /_  / |
 | |\/| | | | | | __| | | | |/ _` |/ _` | '__|____|  _| / _` | | __/ _ \/ _` |  | || '_ \ | |
 | |  | | |_| | | |_| | |_| | (_| | (_| | | |_____| |__| (_| | | ||  __/ (_| |  | || (_) || |
 |_|  |_|\__,_|_|\__|_|\___/ \__, |\__,_|_|       |_____\__,_|_|\__\___|\__,_|  |_(_)___(_)_|
                             |___/                                                           
[NONE ][15:21:07] CONNECTED 10.240.0.103:54174, origin: "http://3rbe.gq"
[NONE ][15:21:08] CONNECTED 10.240.1.97:54398, origin: "http://3rbe.gq"
[NONE ][15:21:48] DISCONNECTED 10.240.0.103:54174, code: 1005, reason: "", name: "{b1}"
[DEBUG][15:21:48] process.exit(0)
=== Shutdown 2018-09-24T15-21-48-534 ===
