=== Started 2018-09-24T13-54-53-162 ===
[INFO ][13:54:53] 33 bad words loaded
[WARN ][13:54:53] Unknown user role: JOKER
[INFO ][13:54:53] 4 user records loaded.
[INFO ][13:54:53] 0 IP ban records loaded.
[INFO ][13:54:53] [1m[32mMultiOgar-Edited 1.6.1[37m - An open source multi-protocol ogar server[0m
[INFO ][13:54:53] WebSocket: ws
[INFO ][13:54:53] Started stats server on port 1051
[INFO ][13:54:53] Listening on port 8081
[INFO ][13:54:53] Current game mode is Duels US 1
[NONE ][13:54:53]   __  __       _ _   _  ___                        _____    _ _ _           _    _   __    _ 
 |  \/  |_   _| | |_(_)/ _ \  __ _  __ _ _ __     | ____|__| (_) |_ ___  __| |  / | / /_  / |
 | |\/| | | | | | __| | | | |/ _` |/ _` | '__|____|  _| / _` | | __/ _ \/ _` |  | || '_ \ | |
 | |  | | |_| | | |_| | |_| | (_| | (_| | | |_____| |__| (_| | | ||  __/ (_| |  | || (_) || |
 |_|  |_|\__,_|_|\__|_|\___/ \__, |\__,_|_|       |_____\__,_|_|\__\___|\__,_|  |_(_)___(_)_|
                             |___/                                                           
[NONE ][14:04:16] CONNECTED 10.240.0.88:41058, origin: "http://3rbe.gq"
[NONE ][14:04:24] DISCONNECTED 10.240.0.88:41058, code: 1005, reason: "", name: "{b1}aa     505"
[DEBUG][14:04:24] process.exit(0)
=== Shutdown 2018-09-24T14-04-24-288 ===
