=== Started 2018-09-24T11-42-39-268 ===
[INFO ][11:42:39] 33 bad words loaded
[WARN ][11:42:39] Unknown user role: JOKER
[INFO ][11:42:39] 4 user records loaded.
[INFO ][11:42:39] 0 IP ban records loaded.
[INFO ][11:42:39] [1m[32mMultiOgar-Edited 1.6.1[37m - An open source multi-protocol ogar server[0m
[INFO ][11:42:39] WebSocket: ws
[INFO ][11:42:39] Started stats server on port 1051
[INFO ][11:42:39] Listening on port 8081
[INFO ][11:42:39] Current game mode is Duel 1
[NONE ][11:42:39]   __  __       _ _   _  ___                        _____    _ _ _           _    _   __    _ 
 |  \/  |_   _| | |_(_)/ _ \  __ _  __ _ _ __     | ____|__| (_) |_ ___  __| |  / | / /_  / |
 | |\/| | | | | | __| | | | |/ _` |/ _` | '__|____|  _| / _` | | __/ _ \/ _` |  | || '_ \ | |
 | |  | | |_| | | |_| | |_| | (_| | (_| | | |_____| |__| (_| | | ||  __/ (_| |  | || (_) || |
 |_|  |_|\__,_|_|\__|_|\___/ \__, |\__,_|_|       |_____\__,_|_|\__\___|\__,_|  |_(_)___(_)_|
                             |___/                                                           
[NONE ][12:12:55] >st
[NONE ][12:12:55] Connected players: 0/25
[NONE ][12:12:55] Players: 0 - Bots: 0
[NONE ][12:12:55] Average score: 0.00
[NONE ][12:12:55] Server has been running for a total of30 minutes
[NONE ][12:12:55] Current memory usage: 8.4/10 mb
[NONE ][12:12:55] Current game mode: Duel 1
[NONE ][12:12:55] Current update time: 0.004 [ms]  (perfectly smooth)
[NONE ][12:26:06] >exit
[WARN ][12:26:06] Closing server...
[DEBUG][12:26:06] process.exit(1)
=== Shutdown 2018-09-24T12-26-06-408 ===
