=== Started 2018-09-24T14-44-37-630 ===
[INFO ][14:44:37] 33 bad words loaded
[WARN ][14:44:37] Unknown user role: JOKER
[INFO ][14:44:37] 4 user records loaded.
[INFO ][14:44:37] 0 IP ban records loaded.
[INFO ][14:44:37] [1m[32mMultiOgar-Edited 1.6.1[37m - An open source multi-protocol ogar server[0m
[INFO ][14:44:37] WebSocket: ws
[INFO ][14:44:37] Started stats server on port 1051
[INFO ][14:44:37] Listening on port 8081
[INFO ][14:44:37] Current game mode is Duels US 1
[NONE ][14:44:37]   __  __       _ _   _  ___                        _____    _ _ _           _    _   __    _ 
 |  \/  |_   _| | |_(_)/ _ \  __ _  __ _ _ __     | ____|__| (_) |_ ___  __| |  / | / /_  / |
 | |\/| | | | | | __| | | | |/ _` |/ _` | '__|____|  _| / _` | | __/ _ \/ _` |  | || '_ \ | |
 | |  | | |_| | | |_| | |_| | (_| | (_| | | |_____| |__| (_| | | ||  __/ (_| |  | || (_) || |
 |_|  |_|\__,_|_|\__|_|\___/ \__, |\__,_|_|       |_____\__,_|_|\__\___|\__,_|  |_(_)___(_)_|
                             |___/                                                           
[NONE ][14:50:49] CONNECTED 10.240.0.185:39314, origin: "http://3rbe.gq"
[NONE ][14:50:49] DISCONNECTED 10.240.0.185:39314, code: 1006, reason: "", name: ""
[NONE ][14:50:50] CONNECTED 10.240.0.185:39344, origin: "http://3rbe.gq"
[NONE ][14:50:57] DISCONNECTED 10.240.0.185:39344, code: 1005, reason: "", name: "{Clan_x}ياااااااااااااي"
[DEBUG][14:50:57] process.exit(0)
=== Shutdown 2018-09-24T14-50-57-144 ===
